[2019-02-03 12:35:21.891] [sharedprocess] [info] main {"machineId":"61c390c89e66271c8fc4f662759b43db62999ce16c2292c5ba21ca7777295445"}
[2019-02-03 12:35:21.979] [sharedprocess] [info] Scanned user extensions: 8
[2019-02-03 12:35:22.105] [sharedprocess] [info] Scanned user extensions: 8
[2019-02-03 12:35:22.147] [sharedprocess] [info] Scanned user extensions: 8
[2019-02-03 12:35:22.199] [sharedprocess] [info] Scanned user extensions: 8
[2019-02-03 12:35:22.278] [sharedprocess] [info] Scanned system extensions: 71
[2019-02-03 12:35:22.321] [sharedprocess] [info] Scanned system extensions: 71
[2019-02-03 12:35:22.334] [sharedprocess] [info] Scanned system extensions: 71
[2019-02-03 12:35:34.640] [sharedprocess] [info] Scanned user extensions: 8
[2019-02-03 12:35:34.648] [sharedprocess] [info] Scanned user extensions: 8
[2019-02-03 12:35:34.773] [sharedprocess] [info] Scanned system extensions: 71
[2019-02-03 12:35:34.789] [sharedprocess] [info] Scanned system extensions: 71
[2019-02-03 12:35:35.299] [sharedprocess] [info] Scanned user extensions: 8
[2019-02-03 12:36:01.902] [sharedprocess] [info] Starting to clean up unused language packs.
[2019-02-03 12:40:35.321] [sharedprocess] [info] Scanned user extensions: 8
[2019-02-03 12:45:35.341] [sharedprocess] [info] Scanned user extensions: 8
[2019-02-03 12:50:35.363] [sharedprocess] [info] Scanned user extensions: 8
[2019-02-03 12:55:35.382] [sharedprocess] [info] Scanned user extensions: 8
[2019-02-03 13:00:35.398] [sharedprocess] [info] Scanned user extensions: 8
[2019-02-03 13:05:35.416] [sharedprocess] [info] Scanned user extensions: 8
[2019-02-03 13:10:35.434] [sharedprocess] [info] Scanned user extensions: 8
[2019-02-03 13:15:35.452] [sharedprocess] [info] Scanned user extensions: 8
[2019-02-03 13:20:35.469] [sharedprocess] [info] Scanned user extensions: 8
[2019-02-03 13:25:35.487] [sharedprocess] [info] Scanned user extensions: 8
[2019-02-03 13:30:35.508] [sharedprocess] [info] Scanned user extensions: 8
[2019-02-03 13:35:35.577] [sharedprocess] [info] Scanned user extensions: 8
[2019-02-03 13:40:35.588] [sharedprocess] [info] Scanned user extensions: 8
[2019-02-03 13:45:35.607] [sharedprocess] [info] Scanned user extensions: 8
[2019-02-03 13:50:35.624] [sharedprocess] [info] Scanned user extensions: 8
[2019-02-03 13:55:35.648] [sharedprocess] [info] Scanned user extensions: 8
[2019-02-03 14:00:35.664] [sharedprocess] [info] Scanned user extensions: 8
[2019-02-03 14:05:35.681] [sharedprocess] [info] Scanned user extensions: 8
[2019-02-03 14:10:35.698] [sharedprocess] [info] Scanned user extensions: 8
[2019-02-03 14:15:35.715] [sharedprocess] [info] Scanned user extensions: 8
[2019-02-03 14:20:35.732] [sharedprocess] [info] Scanned user extensions: 8
[2019-02-03 14:25:35.747] [sharedprocess] [info] Scanned user extensions: 8
[2019-02-03 14:30:35.765] [sharedprocess] [info] Scanned user extensions: 8
[2019-02-03 14:35:35.826] [sharedprocess] [info] Scanned user extensions: 8
[2019-02-03 14:40:35.843] [sharedprocess] [info] Scanned user extensions: 8
[2019-02-03 14:45:35.860] [sharedprocess] [info] Scanned user extensions: 8
[2019-02-03 14:50:35.879] [sharedprocess] [info] Scanned user extensions: 8
[2019-02-03 14:55:35.895] [sharedprocess] [info] Scanned user extensions: 8
[2019-02-03 15:00:35.913] [sharedprocess] [info] Scanned user extensions: 8
[2019-02-03 15:05:35.930] [sharedprocess] [info] Scanned user extensions: 8
[2019-02-03 15:10:35.949] [sharedprocess] [info] Scanned user extensions: 8
[2019-02-03 15:15:35.972] [sharedprocess] [info] Scanned user extensions: 8
[2019-02-03 15:20:35.989] [sharedprocess] [info] Scanned user extensions: 8
[2019-02-03 15:25:36.007] [sharedprocess] [info] Scanned user extensions: 8
[2019-02-03 15:30:36.025] [sharedprocess] [info] Scanned user extensions: 8
[2019-02-03 15:35:36.096] [sharedprocess] [info] Scanned user extensions: 8
[2019-02-03 15:40:36.113] [sharedprocess] [info] Scanned user extensions: 8
[2019-02-03 15:45:36.130] [sharedprocess] [info] Scanned user extensions: 8
[2019-02-03 15:50:36.148] [sharedprocess] [info] Scanned user extensions: 8
[2019-02-03 15:55:36.165] [sharedprocess] [info] Scanned user extensions: 8
[2019-02-03 16:00:36.182] [sharedprocess] [info] Scanned user extensions: 8
[2019-02-03 16:05:36.203] [sharedprocess] [info] Scanned user extensions: 8
[2019-02-03 16:10:36.221] [sharedprocess] [info] Scanned user extensions: 8
[2019-02-03 16:15:36.240] [sharedprocess] [info] Scanned user extensions: 8
[2019-02-03 16:20:36.256] [sharedprocess] [info] Scanned user extensions: 8
[2019-02-03 16:25:36.279] [sharedprocess] [info] Scanned user extensions: 8
[2019-02-03 16:30:36.294] [sharedprocess] [info] Scanned user extensions: 8
[2019-02-03 16:35:36.362] [sharedprocess] [info] Scanned user extensions: 8
[2019-02-03 16:40:36.379] [sharedprocess] [info] Scanned user extensions: 8
[2019-02-03 16:45:36.397] [sharedprocess] [info] Scanned user extensions: 8
[2019-02-03 16:50:36.413] [sharedprocess] [info] Scanned user extensions: 8
[2019-02-03 16:55:36.431] [sharedprocess] [info] Scanned user extensions: 8
[2019-02-03 17:00:36.450] [sharedprocess] [info] Scanned user extensions: 8
[2019-02-03 17:05:36.468] [sharedprocess] [info] Scanned user extensions: 8
[2019-02-03 17:10:36.484] [sharedprocess] [info] Scanned user extensions: 8
[2019-02-03 17:15:36.501] [sharedprocess] [info] Scanned user extensions: 8
[2019-02-03 17:20:36.518] [sharedprocess] [info] Scanned user extensions: 8
[2019-02-03 17:25:36.534] [sharedprocess] [info] Scanned user extensions: 8
[2019-02-03 17:30:36.553] [sharedprocess] [info] Scanned user extensions: 8
[2019-02-03 17:35:36.611] [sharedprocess] [info] Scanned user extensions: 8
[2019-02-03 17:40:36.630] [sharedprocess] [info] Scanned user extensions: 8
[2019-02-03 17:45:36.643] [sharedprocess] [info] Scanned user extensions: 8
[2019-02-03 17:50:36.658] [sharedprocess] [info] Scanned user extensions: 8
[2019-02-03 17:55:36.674] [sharedprocess] [info] Scanned user extensions: 8
[2019-02-03 18:00:36.689] [sharedprocess] [info] Scanned user extensions: 8
[2019-02-03 18:05:36.704] [sharedprocess] [info] Scanned user extensions: 8
[2019-02-03 18:10:36.721] [sharedprocess] [info] Scanned user extensions: 8
[2019-02-03 18:15:36.738] [sharedprocess] [info] Scanned user extensions: 8
[2019-02-03 18:20:36.758] [sharedprocess] [info] Scanned user extensions: 8
[2019-02-03 18:25:36.776] [sharedprocess] [info] Scanned user extensions: 8
[2019-02-03 18:30:36.792] [sharedprocess] [info] Scanned user extensions: 8
[2019-02-03 18:35:36.852] [sharedprocess] [info] Scanned user extensions: 8
[2019-02-03 18:40:36.869] [sharedprocess] [info] Scanned user extensions: 8
[2019-02-03 18:45:36.885] [sharedprocess] [info] Scanned user extensions: 8
[2019-02-03 18:50:36.903] [sharedprocess] [info] Scanned user extensions: 8
[2019-02-03 18:55:36.920] [sharedprocess] [info] Scanned user extensions: 8
[2019-02-03 19:00:36.938] [sharedprocess] [info] Scanned user extensions: 8
[2019-02-03 19:05:36.956] [sharedprocess] [info] Scanned user extensions: 8
[2019-02-03 19:10:36.972] [sharedprocess] [info] Scanned user extensions: 8
[2019-02-03 19:15:36.989] [sharedprocess] [info] Scanned user extensions: 8
[2019-02-03 19:20:37.009] [sharedprocess] [info] Scanned user extensions: 8
[2019-02-03 19:25:37.027] [sharedprocess] [info] Scanned user extensions: 8
[2019-02-03 19:30:37.050] [sharedprocess] [info] Scanned user extensions: 8
[2019-02-03 19:35:37.108] [sharedprocess] [info] Scanned user extensions: 8
[2019-02-03 19:40:37.127] [sharedprocess] [info] Scanned user extensions: 8
[2019-02-03 19:45:37.144] [sharedprocess] [info] Scanned user extensions: 8
[2019-02-03 19:50:37.163] [sharedprocess] [info] Scanned user extensions: 8
[2019-02-03 19:55:37.180] [sharedprocess] [info] Scanned user extensions: 8
[2019-02-03 20:00:37.197] [sharedprocess] [info] Scanned user extensions: 8
[2019-02-03 20:05:37.215] [sharedprocess] [info] Scanned user extensions: 8
[2019-02-03 20:10:37.232] [sharedprocess] [info] Scanned user extensions: 8
[2019-02-03 20:15:37.247] [sharedprocess] [info] Scanned user extensions: 8
[2019-02-03 20:20:37.264] [sharedprocess] [info] Scanned user extensions: 8
[2019-02-03 20:25:37.278] [sharedprocess] [info] Scanned user extensions: 8
[2019-02-03 20:30:37.296] [sharedprocess] [info] Scanned user extensions: 8
[2019-02-03 20:35:37.351] [sharedprocess] [info] Scanned user extensions: 8
[2019-02-03 20:40:37.371] [sharedprocess] [info] Scanned user extensions: 8
[2019-02-03 20:45:37.389] [sharedprocess] [info] Scanned user extensions: 8
[2019-02-03 20:50:37.408] [sharedprocess] [info] Scanned user extensions: 8
[2019-02-03 20:55:37.426] [sharedprocess] [info] Scanned user extensions: 8
[2019-02-03 21:00:37.442] [sharedprocess] [info] Scanned user extensions: 8
[2019-02-03 21:05:37.461] [sharedprocess] [info] Scanned user extensions: 8
[2019-02-03 21:10:37.477] [sharedprocess] [info] Scanned user extensions: 8
[2019-02-03 21:15:37.494] [sharedprocess] [info] Scanned user extensions: 8
[2019-02-03 21:20:37.512] [sharedprocess] [info] Scanned user extensions: 8
[2019-02-03 21:25:37.531] [sharedprocess] [info] Scanned user extensions: 8
[2019-02-03 21:30:37.547] [sharedprocess] [info] Scanned user extensions: 8
[2019-02-03 21:35:37.611] [sharedprocess] [info] Scanned user extensions: 8
[2019-02-03 21:40:37.628] [sharedprocess] [info] Scanned user extensions: 8
[2019-02-03 21:45:37.645] [sharedprocess] [info] Scanned user extensions: 8
[2019-02-03 21:50:37.659] [sharedprocess] [info] Scanned user extensions: 8
[2019-02-03 21:55:37.678] [sharedprocess] [info] Scanned user extensions: 8
[2019-02-03 22:00:37.694] [sharedprocess] [info] Scanned user extensions: 8
[2019-02-03 22:05:37.713] [sharedprocess] [info] Scanned user extensions: 8
[2019-02-03 22:10:37.729] [sharedprocess] [info] Scanned user extensions: 8
[2019-02-03 22:15:37.747] [sharedprocess] [info] Scanned user extensions: 8
[2019-02-03 22:20:37.765] [sharedprocess] [info] Scanned user extensions: 8
[2019-02-03 22:25:37.783] [sharedprocess] [info] Scanned user extensions: 8
[2019-02-03 22:30:37.800] [sharedprocess] [info] Scanned user extensions: 8
[2019-02-03 22:35:37.873] [sharedprocess] [info] Scanned user extensions: 8
[2019-02-03 22:40:37.892] [sharedprocess] [info] Scanned user extensions: 8
[2019-02-03 22:45:37.909] [sharedprocess] [info] Scanned user extensions: 8
[2019-02-03 22:50:37.926] [sharedprocess] [info] Scanned user extensions: 8
[2019-02-03 22:55:37.944] [sharedprocess] [info] Scanned user extensions: 8
[2019-02-03 23:00:37.960] [sharedprocess] [info] Scanned user extensions: 8
[2019-02-03 23:05:37.978] [sharedprocess] [info] Scanned user extensions: 8
[2019-02-03 23:10:37.995] [sharedprocess] [info] Scanned user extensions: 8
[2019-02-03 23:15:38.017] [sharedprocess] [info] Scanned user extensions: 8
[2019-02-03 23:20:38.033] [sharedprocess] [info] Scanned user extensions: 8
[2019-02-03 23:25:38.046] [sharedprocess] [info] Scanned user extensions: 8
[2019-02-03 23:30:38.064] [sharedprocess] [info] Scanned user extensions: 8
[2019-02-03 23:35:38.126] [sharedprocess] [info] Scanned user extensions: 8
[2019-02-03 23:40:38.145] [sharedprocess] [info] Scanned user extensions: 8
[2019-02-03 23:45:38.162] [sharedprocess] [info] Scanned user extensions: 8
[2019-02-03 23:50:38.181] [sharedprocess] [info] Scanned user extensions: 8
[2019-02-03 23:55:38.197] [sharedprocess] [info] Scanned user extensions: 8
[2019-02-04 00:00:38.208] [sharedprocess] [info] Scanned user extensions: 8
[2019-02-04 00:05:38.224] [sharedprocess] [info] Scanned user extensions: 8
[2019-02-04 00:10:38.242] [sharedprocess] [info] Scanned user extensions: 8
[2019-02-04 00:15:38.263] [sharedprocess] [info] Scanned user extensions: 8
[2019-02-04 00:20:38.280] [sharedprocess] [info] Scanned user extensions: 8
[2019-02-04 00:25:38.297] [sharedprocess] [info] Scanned user extensions: 8
[2019-02-04 00:30:38.314] [sharedprocess] [info] Scanned user extensions: 8
[2019-02-04 00:35:37.522] [sharedprocess] [info] Installing extension: vscode-icons
[2019-02-04 00:35:37.531] [sharedprocess] [info] Scanned user extensions: 8
[2019-02-04 00:35:38.479] [sharedprocess] [info] Scanned user extensions: 8
[2019-02-04 00:35:38.823] [sharedprocess] [info] Downloaded extension: vscode-icons /tmp/ad5de99b-76d6-447a-aef5-f778f1c25a44
[2019-02-04 00:35:41.168] [sharedprocess] [info] Extracted extension to /home/jean_rolllins/.vscode/extensions/.robertohuertasm.vscode-icons-8.1.0: robertohuertasm.vscode-icons-8.1.0
[2019-02-04 00:35:41.169] [sharedprocess] [info] Renamed to /home/jean_rolllins/.vscode/extensions/robertohuertasm.vscode-icons-8.1.0
[2019-02-04 00:35:41.170] [sharedprocess] [info] Installation completed. robertohuertasm.vscode-icons-8.1.0
[2019-02-04 00:35:41.182] [sharedprocess] [info] Extensions installed successfully: robertohuertasm.vscode-icons
[2019-02-04 00:40:38.497] [sharedprocess] [info] Scanned user extensions: 8
[2019-02-04 00:45:38.517] [sharedprocess] [info] Scanned user extensions: 8
[2019-02-04 00:50:38.533] [sharedprocess] [info] Scanned user extensions: 8
[2019-02-04 00:55:38.551] [sharedprocess] [info] Scanned user extensions: 8
[2019-02-04 01:00:38.571] [sharedprocess] [info] Scanned user extensions: 8
[2019-02-04 01:05:38.590] [sharedprocess] [info] Scanned user extensions: 8
[2019-02-04 01:10:38.610] [sharedprocess] [info] Scanned user extensions: 8
[2019-02-04 01:15:38.626] [sharedprocess] [info] Scanned user extensions: 8
[2019-02-04 01:20:38.645] [sharedprocess] [info] Scanned user extensions: 8
[2019-02-04 01:25:38.662] [sharedprocess] [info] Scanned user extensions: 8
[2019-02-04 01:30:38.681] [sharedprocess] [info] Scanned user extensions: 8
[2019-02-04 01:35:38.739] [sharedprocess] [info] Scanned user extensions: 8
[2019-02-04 01:40:38.757] [sharedprocess] [info] Scanned user extensions: 8
[2019-02-04 01:45:38.774] [sharedprocess] [info] Scanned user extensions: 8
[2019-02-04 01:50:38.793] [sharedprocess] [info] Scanned user extensions: 8
[2019-02-04 01:55:38.813] [sharedprocess] [info] Scanned user extensions: 8
[2019-02-04 02:00:38.831] [sharedprocess] [info] Scanned user extensions: 8
[2019-02-04 02:05:38.849] [sharedprocess] [info] Scanned user extensions: 8
[2019-02-04 02:10:38.865] [sharedprocess] [info] Scanned user extensions: 8
[2019-02-04 02:15:38.884] [sharedprocess] [info] Scanned user extensions: 8
[2019-02-04 02:20:38.900] [sharedprocess] [info] Scanned user extensions: 8
[2019-02-04 02:25:38.918] [sharedprocess] [info] Scanned user extensions: 8
[2019-02-04 02:30:38.936] [sharedprocess] [info] Scanned user extensions: 8
[2019-02-04 02:35:38.994] [sharedprocess] [info] Scanned user extensions: 8
[2019-02-04 02:40:39.012] [sharedprocess] [info] Scanned user extensions: 8
[2019-02-04 02:45:39.025] [sharedprocess] [info] Scanned user extensions: 8
[2019-02-04 02:50:39.044] [sharedprocess] [info] Scanned user extensions: 8
[2019-02-04 02:55:39.061] [sharedprocess] [info] Scanned user extensions: 8
[2019-02-04 03:00:39.079] [sharedprocess] [info] Scanned user extensions: 8
[2019-02-04 03:05:39.099] [sharedprocess] [info] Scanned user extensions: 8
[2019-02-04 03:10:40.018] [sharedprocess] [info] Scanned user extensions: 8
[2019-02-04 03:15:40.034] [sharedprocess] [info] Scanned user extensions: 8
[2019-02-04 03:20:40.050] [sharedprocess] [info] Scanned user extensions: 8
[2019-02-04 03:25:40.068] [sharedprocess] [info] Scanned user extensions: 8
[2019-02-04 03:30:40.087] [sharedprocess] [info] Scanned user extensions: 8
[2019-02-04 03:35:40.149] [sharedprocess] [info] Scanned user extensions: 8
[2019-02-04 03:40:40.167] [sharedprocess] [info] Scanned user extensions: 8
[2019-02-04 03:45:40.184] [sharedprocess] [info] Scanned user extensions: 8
[2019-02-04 03:50:40.200] [sharedprocess] [info] Scanned user extensions: 8
[2019-02-04 03:55:40.217] [sharedprocess] [info] Scanned user extensions: 8
[2019-02-04 04:00:40.236] [sharedprocess] [info] Scanned user extensions: 8
[2019-02-04 04:05:41.018] [sharedprocess] [info] Scanned user extensions: 8
[2019-02-04 04:10:41.037] [sharedprocess] [info] Scanned user extensions: 8
[2019-02-04 04:15:41.054] [sharedprocess] [info] Scanned user extensions: 8
[2019-02-04 04:20:41.075] [sharedprocess] [info] Scanned user extensions: 8
[2019-02-04 04:25:41.092] [sharedprocess] [info] Scanned user extensions: 8
[2019-02-04 04:30:41.109] [sharedprocess] [info] Scanned user extensions: 8
[2019-02-04 04:35:41.170] [sharedprocess] [info] Scanned user extensions: 8
[2019-02-04 04:40:41.188] [sharedprocess] [info] Scanned user extensions: 8
[2019-02-04 04:45:41.205] [sharedprocess] [info] Scanned user extensions: 8
[2019-02-04 04:50:41.224] [sharedprocess] [info] Scanned user extensions: 8
[2019-02-04 04:55:41.241] [sharedprocess] [info] Scanned user extensions: 8
[2019-02-04 05:00:41.258] [sharedprocess] [info] Scanned user extensions: 8
[2019-02-04 05:05:41.281] [sharedprocess] [info] Scanned user extensions: 8
[2019-02-04 05:10:41.300] [sharedprocess] [info] Scanned user extensions: 8
[2019-02-04 05:15:41.316] [sharedprocess] [info] Scanned user extensions: 8
[2019-02-04 05:20:41.335] [sharedprocess] [info] Scanned user extensions: 8
[2019-02-04 05:25:41.351] [sharedprocess] [info] Scanned user extensions: 8
[2019-02-04 05:30:41.369] [sharedprocess] [info] Scanned user extensions: 8
[2019-02-04 05:35:41.428] [sharedprocess] [info] Scanned user extensions: 8
[2019-02-04 05:40:41.446] [sharedprocess] [info] Scanned user extensions: 8
[2019-02-04 05:45:41.464] [sharedprocess] [info] Scanned user extensions: 8
[2019-02-04 05:50:41.484] [sharedprocess] [info] Scanned user extensions: 8
[2019-02-04 05:55:41.500] [sharedprocess] [info] Scanned user extensions: 8
[2019-02-04 06:00:41.517] [sharedprocess] [info] Scanned user extensions: 8
[2019-02-04 06:05:41.533] [sharedprocess] [info] Scanned user extensions: 8
[2019-02-04 06:10:41.549] [sharedprocess] [info] Scanned user extensions: 8
[2019-02-04 06:15:41.566] [sharedprocess] [info] Scanned user extensions: 8
[2019-02-04 06:20:41.584] [sharedprocess] [info] Scanned user extensions: 8
[2019-02-04 06:25:41.603] [sharedprocess] [info] Scanned user extensions: 8
[2019-02-04 06:30:41.621] [sharedprocess] [info] Scanned user extensions: 8
[2019-02-04 06:35:41.676] [sharedprocess] [info] Scanned user extensions: 8
[2019-02-04 06:40:41.694] [sharedprocess] [info] Scanned user extensions: 8
[2019-02-04 06:45:41.710] [sharedprocess] [info] Scanned user extensions: 8
[2019-02-04 06:50:41.729] [sharedprocess] [info] Scanned user extensions: 8
[2019-02-04 06:55:41.748] [sharedprocess] [info] Scanned user extensions: 8
[2019-02-04 07:00:41.765] [sharedprocess] [info] Scanned user extensions: 8
[2019-02-04 07:05:41.784] [sharedprocess] [info] Scanned user extensions: 8
[2019-02-04 07:10:41.803] [sharedprocess] [info] Scanned user extensions: 8
[2019-02-04 07:15:41.821] [sharedprocess] [info] Scanned user extensions: 8
[2019-02-04 07:20:41.837] [sharedprocess] [info] Scanned user extensions: 8
[2019-02-04 07:25:41.855] [sharedprocess] [info] Scanned user extensions: 8
[2019-02-04 07:30:41.872] [sharedprocess] [info] Scanned user extensions: 8
[2019-02-04 07:35:41.932] [sharedprocess] [info] Scanned user extensions: 8
[2019-02-04 07:40:41.950] [sharedprocess] [info] Scanned user extensions: 8
[2019-02-04 07:45:41.965] [sharedprocess] [info] Scanned user extensions: 8
[2019-02-04 07:50:41.983] [sharedprocess] [info] Scanned user extensions: 8
[2019-02-04 07:55:42.000] [sharedprocess] [info] Scanned user extensions: 8
[2019-02-04 08:00:42.021] [sharedprocess] [info] Scanned user extensions: 8
[2019-02-04 08:05:42.039] [sharedprocess] [info] Scanned user extensions: 8
[2019-02-04 08:10:42.067] [sharedprocess] [info] Scanned user extensions: 8
[2019-02-04 08:15:42.084] [sharedprocess] [info] Scanned user extensions: 8
[2019-02-04 08:20:42.101] [sharedprocess] [info] Scanned user extensions: 8
[2019-02-04 08:25:42.120] [sharedprocess] [info] Scanned user extensions: 8
[2019-02-04 08:30:42.136] [sharedprocess] [info] Scanned user extensions: 8
[2019-02-04 08:35:42.201] [sharedprocess] [info] Scanned user extensions: 8
[2019-02-04 08:40:42.217] [sharedprocess] [info] Scanned user extensions: 8
[2019-02-04 08:45:42.233] [sharedprocess] [info] Scanned user extensions: 8
[2019-02-04 08:50:42.248] [sharedprocess] [info] Scanned user extensions: 8
[2019-02-04 08:55:42.269] [sharedprocess] [info] Scanned user extensions: 8
[2019-02-04 09:00:42.285] [sharedprocess] [info] Scanned user extensions: 8
[2019-02-04 09:05:42.304] [sharedprocess] [info] Scanned user extensions: 8
[2019-02-04 09:10:42.324] [sharedprocess] [info] Scanned user extensions: 8
[2019-02-04 09:15:42.340] [sharedprocess] [info] Scanned user extensions: 8
[2019-02-04 09:20:42.355] [sharedprocess] [info] Scanned user extensions: 8
[2019-02-04 09:25:42.373] [sharedprocess] [info] Scanned user extensions: 8
[2019-02-04 09:30:42.389] [sharedprocess] [info] Scanned user extensions: 8
[2019-02-04 09:35:42.452] [sharedprocess] [info] Scanned user extensions: 8
[2019-02-04 09:40:42.469] [sharedprocess] [info] Scanned user extensions: 8
[2019-02-04 09:45:42.486] [sharedprocess] [info] Scanned user extensions: 8
[2019-02-04 09:50:42.504] [sharedprocess] [info] Scanned user extensions: 8
[2019-02-04 09:55:42.524] [sharedprocess] [info] Scanned user extensions: 8
[2019-02-04 10:00:42.536] [sharedprocess] [info] Scanned user extensions: 8
[2019-02-04 10:05:42.554] [sharedprocess] [info] Scanned user extensions: 8
[2019-02-04 10:10:42.573] [sharedprocess] [info] Scanned user extensions: 8
[2019-02-04 10:15:42.590] [sharedprocess] [info] Scanned user extensions: 8
[2019-02-04 10:20:42.609] [sharedprocess] [info] Scanned user extensions: 8
[2019-02-04 10:25:42.625] [sharedprocess] [info] Scanned user extensions: 8
[2019-02-04 10:30:42.643] [sharedprocess] [info] Scanned user extensions: 8
[2019-02-04 10:35:42.707] [sharedprocess] [info] Scanned user extensions: 8
[2019-02-04 10:40:42.727] [sharedprocess] [info] Scanned user extensions: 8
[2019-02-04 10:45:42.743] [sharedprocess] [info] Scanned user extensions: 8
[2019-02-04 10:50:42.761] [sharedprocess] [info] Scanned user extensions: 8
[2019-02-04 10:55:42.780] [sharedprocess] [info] Scanned user extensions: 8
[2019-02-04 11:00:42.796] [sharedprocess] [info] Scanned user extensions: 8
[2019-02-04 11:05:42.821] [sharedprocess] [info] Scanned user extensions: 8
[2019-02-04 11:10:42.840] [sharedprocess] [info] Scanned user extensions: 8
[2019-02-04 11:15:42.859] [sharedprocess] [info] Scanned user extensions: 8
[2019-02-04 11:20:42.877] [sharedprocess] [info] Scanned user extensions: 8
[2019-02-04 11:25:42.898] [sharedprocess] [info] Scanned user extensions: 8
[2019-02-04 11:30:42.915] [sharedprocess] [info] Scanned user extensions: 8
[2019-02-04 11:35:42.972] [sharedprocess] [info] Scanned user extensions: 8
[2019-02-04 11:40:42.990] [sharedprocess] [info] Scanned user extensions: 8
[2019-02-04 11:45:43.005] [sharedprocess] [info] Scanned user extensions: 8
[2019-02-04 11:50:43.019] [sharedprocess] [info] Scanned user extensions: 8
[2019-02-04 11:55:43.033] [sharedprocess] [info] Scanned user extensions: 8
[2019-02-04 12:00:43.048] [sharedprocess] [info] Scanned user extensions: 8
[2019-02-04 12:05:43.062] [sharedprocess] [info] Scanned user extensions: 8
[2019-02-04 12:10:43.078] [sharedprocess] [info] Scanned user extensions: 8
[2019-02-04 12:15:43.099] [sharedprocess] [info] Scanned user extensions: 8
[2019-02-04 12:20:43.115] [sharedprocess] [info] Scanned user extensions: 8
[2019-02-04 12:25:43.134] [sharedprocess] [info] Scanned user extensions: 8
[2019-02-04 12:30:43.163] [sharedprocess] [info] Scanned user extensions: 8
[2019-02-04 12:35:43.222] [sharedprocess] [info] Scanned user extensions: 8
[2019-02-04 12:40:43.237] [sharedprocess] [info] Scanned user extensions: 8
[2019-02-04 12:45:43.259] [sharedprocess] [info] Scanned user extensions: 8
[2019-02-04 17:44:08.272] [sharedprocess] [info] Scanned user extensions: 8
[2019-02-04 17:49:08.289] [sharedprocess] [info] Scanned user extensions: 8
[2019-02-04 17:54:08.306] [sharedprocess] [info] Scanned user extensions: 8
[2019-02-04 17:59:08.324] [sharedprocess] [info] Scanned user extensions: 8
[2019-02-04 18:04:08.341] [sharedprocess] [info] Scanned user extensions: 8
[2019-02-04 18:09:08.359] [sharedprocess] [info] Scanned user extensions: 8
[2019-02-04 18:14:08.379] [sharedprocess] [info] Scanned user extensions: 8
[2019-02-04 18:19:08.936] [sharedprocess] [info] Scanned user extensions: 8
[2019-02-04 18:24:08.952] [sharedprocess] [info] Scanned user extensions: 8
[2019-02-04 18:29:08.975] [sharedprocess] [info] Scanned user extensions: 8
[2019-02-04 18:34:08.992] [sharedprocess] [info] Scanned user extensions: 8
[2019-02-04 18:39:09.010] [sharedprocess] [info] Scanned user extensions: 8
[2019-02-04 18:44:09.069] [sharedprocess] [info] Scanned user extensions: 8
[2019-02-04 18:49:09.082] [sharedprocess] [info] Scanned user extensions: 8
[2019-02-04 18:54:09.101] [sharedprocess] [info] Scanned user extensions: 8
[2019-02-04 18:59:09.111] [sharedprocess] [info] Scanned user extensions: 8
[2019-02-04 19:04:09.129] [sharedprocess] [info] Scanned user extensions: 8
[2019-02-04 19:09:09.151] [sharedprocess] [info] Scanned user extensions: 8
