[2019-02-04 20:26:48.058] [sharedprocess] [info] main {"machineId":"61c390c89e66271c8fc4f662759b43db62999ce16c2292c5ba21ca7777295445"}
[2019-02-04 20:26:48.163] [sharedprocess] [info] Scanned user extensions: 8
[2019-02-04 20:26:48.262] [sharedprocess] [info] Scanned user extensions: 8
[2019-02-04 20:26:48.289] [sharedprocess] [info] Deleted from disk zaczero.bootstrap-v4-snippets-0.1.7
[2019-02-04 20:26:48.315] [sharedprocess] [info] Scanned user extensions: 8
[2019-02-04 20:26:48.348] [sharedprocess] [info] Scanned system extensions: 71
[2019-02-04 20:26:48.362] [sharedprocess] [info] Scanned system extensions: 71
[2019-02-04 20:27:28.067] [sharedprocess] [info] Starting to clean up unused language packs.
[2019-02-04 20:31:48.338] [sharedprocess] [info] Scanned user extensions: 8
[2019-02-04 20:36:48.358] [sharedprocess] [info] Scanned user extensions: 8
[2019-02-04 20:41:48.376] [sharedprocess] [info] Scanned user extensions: 8
[2019-02-04 20:46:48.395] [sharedprocess] [info] Scanned user extensions: 8
[2019-02-04 20:51:48.412] [sharedprocess] [info] Scanned user extensions: 8
[2019-02-04 20:56:48.433] [sharedprocess] [info] Scanned user extensions: 8
[2019-02-04 21:01:48.447] [sharedprocess] [info] Scanned user extensions: 8
[2019-02-04 21:06:48.467] [sharedprocess] [info] Scanned user extensions: 8
[2019-02-04 21:11:48.485] [sharedprocess] [info] Scanned user extensions: 8
[2019-02-04 21:11:59.543] [sharedprocess] [info] Scanned user extensions: 8
[2019-02-04 21:11:59.558] [sharedprocess] [info] Scanned user extensions: 8
[2019-02-04 21:11:59.563] [sharedprocess] [info] Scanned user extensions: 8
[2019-02-04 21:11:59.577] [sharedprocess] [info] Scanned user extensions: 8
[2019-02-04 21:11:59.691] [sharedprocess] [info] Scanned system extensions: 71
[2019-02-04 21:11:59.700] [sharedprocess] [info] Scanned system extensions: 71
[2019-02-04 21:11:59.709] [sharedprocess] [info] Scanned system extensions: 71
[2019-02-04 21:13:10.606] [sharedprocess] [info] Installing extension: html-snippets
[2019-02-04 21:13:10.619] [sharedprocess] [info] Scanned user extensions: 8
[2019-02-04 21:13:13.137] [sharedprocess] [info] Downloaded extension: html-snippets /tmp/fdcbbbe1-1525-49fa-a933-ef66d73dd5b2
[2019-02-04 21:13:13.165] [sharedprocess] [info] Extracted extension to /home/jean_rolllins/.vscode/extensions/.wgenial.html-snippets-0.1.5: wgenial.html-snippets-0.1.5
[2019-02-04 21:13:13.166] [sharedprocess] [info] Renamed to /home/jean_rolllins/.vscode/extensions/wgenial.html-snippets-0.1.5
[2019-02-04 21:13:13.168] [sharedprocess] [info] Installation completed. wgenial.html-snippets-0.1.5
[2019-02-04 21:13:13.177] [sharedprocess] [info] Extensions installed successfully: wgenial.html-snippets
[2019-02-04 21:13:13.301] [sharedprocess] [info] Scanned user extensions: 9
[2019-02-04 21:13:13.349] [sharedprocess] [info] Scanned system extensions: 71
[2019-02-04 21:13:19.026] [sharedprocess] [info] Scanned user extensions: 9
[2019-02-04 21:13:19.037] [sharedprocess] [info] Scanned user extensions: 9
[2019-02-04 21:13:19.049] [sharedprocess] [info] Scanned user extensions: 9
[2019-02-04 21:13:19.069] [sharedprocess] [info] Scanned user extensions: 9
[2019-02-04 21:13:19.073] [sharedprocess] [info] Scanned user extensions: 9
[2019-02-04 21:13:19.215] [sharedprocess] [info] Scanned system extensions: 71
[2019-02-04 21:13:19.220] [sharedprocess] [info] Scanned system extensions: 71
[2019-02-04 21:13:19.227] [sharedprocess] [info] Scanned system extensions: 71
[2019-02-04 21:13:19.235] [sharedprocess] [info] Scanned system extensions: 71
[2019-02-04 21:13:20.403] [sharedprocess] [info] Scanned user extensions: 9
[2019-02-04 21:18:20.420] [sharedprocess] [info] Scanned user extensions: 9
[2019-02-04 21:23:20.440] [sharedprocess] [info] Scanned user extensions: 9
[2019-02-04 21:28:20.537] [sharedprocess] [info] Scanned user extensions: 9
[2019-02-04 21:33:20.557] [sharedprocess] [info] Scanned user extensions: 9
[2019-02-04 21:38:20.574] [sharedprocess] [info] Scanned user extensions: 9
[2019-02-04 21:43:20.594] [sharedprocess] [info] Scanned user extensions: 9
[2019-02-04 21:48:20.610] [sharedprocess] [info] Scanned user extensions: 9
[2019-02-04 21:53:20.628] [sharedprocess] [info] Scanned user extensions: 9
[2019-02-04 21:58:20.647] [sharedprocess] [info] Scanned user extensions: 9
[2019-02-04 22:03:20.665] [sharedprocess] [info] Scanned user extensions: 9
[2019-02-04 22:08:20.683] [sharedprocess] [info] Scanned user extensions: 9
[2019-02-04 22:13:20.703] [sharedprocess] [info] Scanned user extensions: 9
[2019-02-04 22:18:20.719] [sharedprocess] [info] Scanned user extensions: 9
[2019-02-04 22:23:20.738] [sharedprocess] [info] Scanned user extensions: 9
[2019-02-04 22:28:20.804] [sharedprocess] [info] Scanned user extensions: 9
[2019-02-04 22:33:20.822] [sharedprocess] [info] Scanned user extensions: 9
[2019-02-04 22:38:20.843] [sharedprocess] [info] Scanned user extensions: 9
[2019-02-04 22:43:20.862] [sharedprocess] [info] Scanned user extensions: 9
[2019-02-04 22:48:20.881] [sharedprocess] [info] Scanned user extensions: 9
[2019-02-04 22:53:20.898] [sharedprocess] [info] Scanned user extensions: 9
[2019-02-04 22:58:20.916] [sharedprocess] [info] Scanned user extensions: 9
[2019-02-04 23:03:20.935] [sharedprocess] [info] Scanned user extensions: 9
[2019-02-04 23:08:20.955] [sharedprocess] [info] Scanned user extensions: 9
[2019-02-04 23:13:20.973] [sharedprocess] [info] Scanned user extensions: 9
[2019-02-04 23:18:20.987] [sharedprocess] [info] Scanned user extensions: 9
[2019-02-04 23:23:21.010] [sharedprocess] [info] Scanned user extensions: 9
[2019-02-04 23:28:21.062] [sharedprocess] [info] Scanned user extensions: 9
