[2019-02-03 12:35:22.739] [exthost] [info] extension host started
[2019-02-03 12:35:22.764] [exthost] [info] ExtensionService#_doActivateExtension vscode.debug-auto-launch {"startup":true,"activationEvent":"*"}
[2019-02-03 12:35:22.764] [exthost] [info] ExtensionService#loadCommonJSModule /usr/share/code/resources/app/extensions/debug-auto-launch/dist/extension
[2019-02-03 12:35:22.770] [exthost] [info] ExtensionService#_doActivateExtension vscode.emmet {"startup":true,"activationEvent":"*"}
[2019-02-03 12:35:22.770] [exthost] [info] ExtensionService#loadCommonJSModule /usr/share/code/resources/app/extensions/emmet/dist/extension
[2019-02-03 12:35:22.799] [exthost] [info] ExtensionService#_doActivateExtension vscode.git {"startup":true,"activationEvent":"*"}
[2019-02-03 12:35:22.799] [exthost] [info] ExtensionService#loadCommonJSModule /usr/share/code/resources/app/extensions/git/dist/main
[2019-02-03 12:35:22.963] [exthost] [info] ExtensionService#_doActivateExtension vscode.merge-conflict {"startup":true,"activationEvent":"*"}
[2019-02-03 12:35:22.963] [exthost] [info] ExtensionService#loadCommonJSModule /usr/share/code/resources/app/extensions/merge-conflict/dist/extension
[2019-02-03 12:35:22.974] [exthost] [info] ExtensionService#_doActivateExtension robertohuertasm.vscode-icons {"startup":true,"activationEvent":"*"}
[2019-02-03 12:35:22.974] [exthost] [info] ExtensionService#loadCommonJSModule /home/jean_rolllins/.vscode/extensions/robertohuertasm.vscode-icons-8.0.0/out/src/
[2019-02-03 12:35:23.102] [exthost] [info] eager extensions activated
[2019-02-03 12:35:35.439] [exthost] [info] extension host started
[2019-02-03 12:35:35.461] [exthost] [info] ExtensionService#_doActivateExtension vscode.debug-auto-launch {"startup":true,"activationEvent":"*"}
[2019-02-03 12:35:35.461] [exthost] [info] ExtensionService#loadCommonJSModule /usr/share/code/resources/app/extensions/debug-auto-launch/dist/extension
[2019-02-03 12:35:35.467] [exthost] [info] ExtensionService#_doActivateExtension vscode.emmet {"startup":true,"activationEvent":"*"}
[2019-02-03 12:35:35.467] [exthost] [info] ExtensionService#loadCommonJSModule /usr/share/code/resources/app/extensions/emmet/dist/extension
[2019-02-03 12:35:35.494] [exthost] [info] ExtensionService#_doActivateExtension vscode.git {"startup":true,"activationEvent":"*"}
[2019-02-03 12:35:35.494] [exthost] [info] ExtensionService#loadCommonJSModule /usr/share/code/resources/app/extensions/git/dist/main
[2019-02-03 12:35:35.635] [exthost] [info] ExtensionService#_doActivateExtension vscode.merge-conflict {"startup":true,"activationEvent":"*"}
[2019-02-03 12:35:35.635] [exthost] [info] ExtensionService#loadCommonJSModule /usr/share/code/resources/app/extensions/merge-conflict/dist/extension
[2019-02-03 12:35:35.643] [exthost] [info] ExtensionService#_doActivateExtension robertohuertasm.vscode-icons {"startup":true,"activationEvent":"*"}
[2019-02-03 12:35:35.643] [exthost] [info] ExtensionService#loadCommonJSModule /home/jean_rolllins/.vscode/extensions/robertohuertasm.vscode-icons-8.0.0/out/src/
[2019-02-03 12:35:36.202] [exthost] [info] ExtensionService#_doActivateExtension felixfbecker.php-intellisense {"startup":true,"activationEvent":"workspaceContains:**/*.php"}
[2019-02-03 12:35:36.202] [exthost] [info] ExtensionService#loadCommonJSModule /home/jean_rolllins/.vscode/extensions/felixfbecker.php-intellisense-2.3.10/out/extension
[2019-02-03 12:35:36.354] [exthost] [info] eager extensions activated
[2019-02-03 12:36:25.551] [exthost] [info] ExtensionService#_doActivateExtension vscode.php-language-features {"startup":false,"activationEvent":"onLanguage:php"}
[2019-02-03 12:36:25.552] [exthost] [info] ExtensionService#loadCommonJSModule /usr/share/code/resources/app/extensions/php-language-features/dist/phpMain
[2019-02-03 12:36:25.583] [exthost] [info] ExtensionService#_doActivateExtension ecmel.vscode-html-css {"startup":false,"activationEvent":"onLanguage:php"}
[2019-02-03 12:36:25.583] [exthost] [info] ExtensionService#loadCommonJSModule /home/jean_rolllins/.vscode/extensions/ecmel.vscode-html-css-0.2.0/out/src/extension
